{"/Users/naosuzuki/dev/PokemonCardManagement/pokemon-card-app/apps/frontend/app/+not-found.tsx": {"path":"/Users/naosuzuki/dev/PokemonCardManagement/pokemon-card-app/apps/frontend/app/+not-found.tsx","statementMap":{"0":{"start":{"line":8,"column":2},"end":{"line":18,"column":4}},"1":{"start":{"line":21,"column":15},"end":{"line":32,"column":2}}},"fnMap":{"0":{"name":"NotFoundScreen","decl":{"start":{"line":7,"column":24},"end":{"line":7,"column":38}},"loc":{"start":{"line":7,"column":41},"end":{"line":19,"column":1}},"line":7}},"branchMap":{},"s":{"0":0,"1":0},"f":{"0":0},"b":{}}
,"/Users/naosuzuki/dev/PokemonCardManagement/pokemon-card-app/apps/frontend/app/_layout.tsx": {"path":"/Users/naosuzuki/dev/PokemonCardManagement/pokemon-card-app/apps/frontend/app/_layout.tsx","statementMap":{"0":{"start":{"line":11,"column":0},"end":{"line":11,"column":36}},"1":{"start":{"line":14,"column":22},"end":{"line":14,"column":38}},"2":{"start":{"line":15,"column":38},"end":{"line":15,"column":53}},"3":{"start":{"line":17,"column":2},"end":{"line":31,"column":9}},"4":{"start":{"line":19,"column":6},"end":{"line":27,"column":7}},"5":{"start":{"line":21,"column":8},"end":{"line":21,"column":63}},"6":{"start":{"line":21,"column":37},"end":{"line":21,"column":61}},"7":{"start":{"line":23,"column":8},"end":{"line":23,"column":24}},"8":{"start":{"line":25,"column":8},"end":{"line":25,"column":28}},"9":{"start":{"line":26,"column":8},"end":{"line":26,"column":33}},"10":{"start":{"line":30,"column":4},"end":{"line":30,"column":14}},"11":{"start":{"line":33,"column":2},"end":{"line":35,"column":3}},"12":{"start":{"line":34,"column":4},"end":{"line":34,"column":16}},"13":{"start":{"line":37,"column":2},"end":{"line":48,"column":4}}},"fnMap":{"0":{"name":"RootLayout","decl":{"start":{"line":13,"column":24},"end":{"line":13,"column":34}},"loc":{"start":{"line":13,"column":37},"end":{"line":49,"column":1}},"line":13},"1":{"name":"(anonymous_1)","decl":{"start":{"line":17,"column":12},"end":{"line":17,"column":13}},"loc":{"start":{"line":17,"column":18},"end":{"line":31,"column":3}},"line":17},"2":{"name":"prepare","decl":{"start":{"line":18,"column":19},"end":{"line":18,"column":26}},"loc":{"start":{"line":18,"column":29},"end":{"line":28,"column":5}},"line":18},"3":{"name":"(anonymous_3)","decl":{"start":{"line":21,"column":26},"end":{"line":21,"column":27}},"loc":{"start":{"line":21,"column":37},"end":{"line":21,"column":61}},"line":21}},"branchMap":{"0":{"loc":{"start":{"line":33,"column":2},"end":{"line":35,"column":3}},"type":"if","locations":[{"start":{"line":33,"column":2},"end":{"line":35,"column":3}},{"start":{},"end":{}}],"line":33},"1":{"loc":{"start":{"line":38,"column":26},"end":{"line":38,"column":75}},"type":"cond-expr","locations":[{"start":{"line":38,"column":51},"end":{"line":38,"column":60}},{"start":{"line":38,"column":63},"end":{"line":38,"column":75}}],"line":38}},"s":{"0":0,"1":0,"2":0,"3":0,"4":0,"5":0,"6":0,"7":0,"8":0,"9":0,"10":0,"11":0,"12":0,"13":0},"f":{"0":0,"1":0,"2":0,"3":0},"b":{"0":[0,0],"1":[0,0]}}
,"/Users/naosuzuki/dev/PokemonCardManagement/pokemon-card-app/apps/frontend/app/index.tsx": {"path":"/Users/naosuzuki/dev/PokemonCardManagement/pokemon-card-app/apps/frontend/app/index.tsx","statementMap":{"0":{"start":{"line":7,"column":23},"end":{"line":7,"column":26}},"1":{"start":{"line":10,"column":2},"end":{"line":16,"column":9}},"2":{"start":{"line":11,"column":18},"end":{"line":13,"column":22}},"3":{"start":{"line":12,"column":6},"end":{"line":12,"column":33}},"4":{"start":{"line":15,"column":4},"end":{"line":15,"column":37}},"5":{"start":{"line":15,"column":17},"end":{"line":15,"column":36}},"6":{"start":{"line":18,"column":2},"end":{"line":23,"column":4}},"7":{"start":{"line":26,"column":15},"end":{"line":43,"column":2}}},"fnMap":{"0":{"name":"IndexScreen","decl":{"start":{"line":9,"column":24},"end":{"line":9,"column":35}},"loc":{"start":{"line":9,"column":38},"end":{"line":24,"column":1}},"line":9},"1":{"name":"(anonymous_1)","decl":{"start":{"line":10,"column":12},"end":{"line":10,"column":13}},"loc":{"start":{"line":10,"column":18},"end":{"line":16,"column":3}},"line":10},"2":{"name":"(anonymous_2)","decl":{"start":{"line":11,"column":29},"end":{"line":11,"column":30}},"loc":{"start":{"line":11,"column":35},"end":{"line":13,"column":5}},"line":11},"3":{"name":"(anonymous_3)","decl":{"start":{"line":15,"column":11},"end":{"line":15,"column":12}},"loc":{"start":{"line":15,"column":17},"end":{"line":15,"column":36}},"line":15}},"branchMap":{},"s":{"0":0,"1":0,"2":0,"3":0,"4":0,"5":0,"6":0,"7":0},"f":{"0":0,"1":0,"2":0,"3":0},"b":{}}
,"/Users/naosuzuki/dev/PokemonCardManagement/pokemon-card-app/apps/frontend/app/signIn.tsx": {"path":"/Users/naosuzuki/dev/PokemonCardManagement/pokemon-card-app/apps/frontend/app/signIn.tsx","statementMap":{"0":{"start":{"line":22,"column":28},"end":{"line":22,"column":40}},"1":{"start":{"line":23,"column":34},"end":{"line":23,"column":46}},"2":{"start":{"line":24,"column":36},"end":{"line":24,"column":51}},"3":{"start":{"line":27,"column":24},"end":{"line":27,"column":47}},"4":{"start":{"line":28,"column":27},"end":{"line":28,"column":50}},"5":{"start":{"line":30,"column":23},"end":{"line":53,"column":3}},"6":{"start":{"line":31,"column":4},"end":{"line":34,"column":5}},"7":{"start":{"line":32,"column":6},"end":{"line":32,"column":51}},"8":{"start":{"line":33,"column":6},"end":{"line":33,"column":13}},"9":{"start":{"line":37,"column":4},"end":{"line":37,"column":23}},"10":{"start":{"line":39,"column":4},"end":{"line":39,"column":23}},"11":{"start":{"line":40,"column":4},"end":{"line":52,"column":5}},"12":{"start":{"line":41,"column":23},"end":{"line":41,"column":56}},"13":{"start":{"line":44,"column":6},"end":{"line":44,"column":40}},"14":{"start":{"line":47,"column":6},"end":{"line":47,"column":37}},"15":{"start":{"line":49,"column":6},"end":{"line":49,"column":87}},"16":{"start":{"line":51,"column":6},"end":{"line":51,"column":26}},"17":{"start":{"line":56,"column":26},"end":{"line":58,"column":3}},"18":{"start":{"line":57,"column":4},"end":{"line":57,"column":23}},"19":{"start":{"line":61,"column":35},"end":{"line":63,"column":3}},"20":{"start":{"line":62,"column":4},"end":{"line":62,"column":38}},"21":{"start":{"line":65,"column":38},"end":{"line":67,"column":3}},"22":{"start":{"line":66,"column":4},"end":{"line":66,"column":19}},"23":{"start":{"line":70,"column":29},"end":{"line":76,"column":3}},"24":{"start":{"line":71,"column":4},"end":{"line":75,"column":5}},"25":{"start":{"line":72,"column":6},"end":{"line":72,"column":26}},"26":{"start":{"line":74,"column":6},"end":{"line":74,"column":32}},"27":{"start":{"line":79,"column":20},"end":{"line":79,"column":41}},"28":{"start":{"line":80,"column":23},"end":{"line":80,"column":44}},"29":{"start":{"line":82,"column":2},"end":{"line":179,"column":4}},"30":{"start":{"line":112,"column":18},"end":{"line":112,"column":53}},"31":{"start":{"line":132,"column":18},"end":{"line":132,"column":56}},"32":{"start":{"line":159,"column":31},"end":{"line":159,"column":58}},"33":{"start":{"line":168,"column":31},"end":{"line":168,"column":61}},"34":{"start":{"line":182,"column":15},"end":{"line":268,"column":2}}},"fnMap":{"0":{"name":"SignInScreen","decl":{"start":{"line":21,"column":24},"end":{"line":21,"column":36}},"loc":{"start":{"line":21,"column":39},"end":{"line":180,"column":1}},"line":21},"1":{"name":"(anonymous_1)","decl":{"start":{"line":30,"column":23},"end":{"line":30,"column":24}},"loc":{"start":{"line":30,"column":35},"end":{"line":53,"column":3}},"line":30},"2":{"name":"(anonymous_2)","decl":{"start":{"line":56,"column":26},"end":{"line":56,"column":27}},"loc":{"start":{"line":56,"column":32},"end":{"line":58,"column":3}},"line":56},"3":{"name":"(anonymous_3)","decl":{"start":{"line":61,"column":35},"end":{"line":61,"column":36}},"loc":{"start":{"line":61,"column":41},"end":{"line":63,"column":3}},"line":61},"4":{"name":"(anonymous_4)","decl":{"start":{"line":65,"column":38},"end":{"line":65,"column":39}},"loc":{"start":{"line":65,"column":44},"end":{"line":67,"column":3}},"line":65},"5":{"name":"(anonymous_5)","decl":{"start":{"line":70,"column":29},"end":{"line":70,"column":30}},"loc":{"start":{"line":70,"column":61},"end":{"line":76,"column":3}},"line":70},"6":{"name":"(anonymous_6)","decl":{"start":{"line":111,"column":25},"end":{"line":111,"column":26}},"loc":{"start":{"line":111,"column":31},"end":{"line":113,"column":17}},"line":111},"7":{"name":"(anonymous_7)","decl":{"start":{"line":131,"column":25},"end":{"line":131,"column":26}},"loc":{"start":{"line":131,"column":31},"end":{"line":133,"column":17}},"line":131},"8":{"name":"(anonymous_8)","decl":{"start":{"line":159,"column":25},"end":{"line":159,"column":26}},"loc":{"start":{"line":159,"column":31},"end":{"line":159,"column":58}},"line":159},"9":{"name":"(anonymous_9)","decl":{"start":{"line":168,"column":25},"end":{"line":168,"column":26}},"loc":{"start":{"line":168,"column":31},"end":{"line":168,"column":61}},"line":168}},"branchMap":{"0":{"loc":{"start":{"line":31,"column":4},"end":{"line":34,"column":5}},"type":"if","locations":[{"start":{"line":31,"column":4},"end":{"line":34,"column":5}},{"start":{},"end":{}}],"line":31},"1":{"loc":{"start":{"line":31,"column":8},"end":{"line":31,"column":27}},"type":"binary-expr","locations":[{"start":{"line":31,"column":8},"end":{"line":31,"column":14}},{"start":{"line":31,"column":18},"end":{"line":31,"column":27}}],"line":31},"2":{"loc":{"start":{"line":49,"column":30},"end":{"line":49,"column":85}},"type":"cond-expr","locations":[{"start":{"line":49,"column":55},"end":{"line":49,"column":68}},{"start":{"line":49,"column":71},"end":{"line":49,"column":85}}],"line":49},"3":{"loc":{"start":{"line":71,"column":4},"end":{"line":75,"column":5}},"type":"if","locations":[{"start":{"line":71,"column":4},"end":{"line":75,"column":5}},{"start":{"line":73,"column":11},"end":{"line":75,"column":5}}],"line":71},"4":{"loc":{"start":{"line":138,"column":23},"end":{"line":138,"column":53}},"type":"cond-expr","locations":[{"start":{"line":138,"column":35},"end":{"line":138,"column":43}},{"start":{"line":138,"column":46},"end":{"line":138,"column":53}}],"line":138},"5":{"loc":{"start":{"line":144,"column":15},"end":{"line":151,"column":15}},"type":"binary-expr","locations":[{"start":{"line":144,"column":15},"end":{"line":144,"column":24}},{"start":{"line":145,"column":16},"end":{"line":150,"column":18}}],"line":144}},"s":{"0":0,"1":0,"2":0,"3":0,"4":0,"5":0,"6":0,"7":0,"8":0,"9":0,"10":0,"11":0,"12":0,"13":0,"14":0,"15":0,"16":0,"17":0,"18":0,"19":0,"20":0,"21":0,"22":0,"23":0,"24":0,"25":0,"26":0,"27":0,"28":0,"29":0,"30":0,"31":0,"32":0,"33":0,"34":0},"f":{"0":0,"1":0,"2":0,"3":0,"4":0,"5":0,"6":0,"7":0,"8":0,"9":0},"b":{"0":[0,0],"1":[0,0],"2":[0,0],"3":[0,0],"4":[0,0],"5":[0,0]}}
,"/Users/naosuzuki/dev/PokemonCardManagement/pokemon-card-app/apps/frontend/app/welcome.tsx": {"path":"/Users/naosuzuki/dev/PokemonCardManagement/pokemon-card-app/apps/frontend/app/welcome.tsx","statementMap":{"0":{"start":{"line":15,"column":2},"end":{"line":23,"column":4}},"1":{"start":{"line":26,"column":15},"end":{"line":34,"column":1}},"2":{"start":{"line":27,"column":2},"end":{"line":33,"column":9}},"3":{"start":{"line":36,"column":22},"end":{"line":44,"column":1}},"4":{"start":{"line":37,"column":2},"end":{"line":43,"column":9}},"5":{"start":{"line":46,"column":13},"end":{"line":50,"column":1}},"6":{"start":{"line":47,"column":2},"end":{"line":49,"column":9}},"7":{"start":{"line":52,"column":22},"end":{"line":57,"column":1}},"8":{"start":{"line":53,"column":2},"end":{"line":56,"column":9}},"9":{"start":{"line":54,"column":48},"end":{"line":54,"column":70}},"10":{"start":{"line":55,"column":53},"end":{"line":55,"column":75}},"11":{"start":{"line":59,"column":22},"end":{"line":63,"column":1}},"12":{"start":{"line":60,"column":2},"end":{"line":62,"column":21}},"13":{"start":{"line":65,"column":24},"end":{"line":69,"column":1}},"14":{"start":{"line":66,"column":2},"end":{"line":68,"column":21}},"15":{"start":{"line":71,"column":15},"end":{"line":182,"column":2}}},"fnMap":{"0":{"name":"WelcomeScreen","decl":{"start":{"line":14,"column":24},"end":{"line":14,"column":37}},"loc":{"start":{"line":14,"column":40},"end":{"line":24,"column":1}},"line":14},"1":{"name":"(anonymous_1)","decl":{"start":{"line":26,"column":15},"end":{"line":26,"column":16}},"loc":{"start":{"line":27,"column":2},"end":{"line":33,"column":9}},"line":27},"2":{"name":"(anonymous_2)","decl":{"start":{"line":36,"column":22},"end":{"line":36,"column":23}},"loc":{"start":{"line":37,"column":2},"end":{"line":43,"column":9}},"line":37},"3":{"name":"(anonymous_3)","decl":{"start":{"line":46,"column":13},"end":{"line":46,"column":14}},"loc":{"start":{"line":47,"column":2},"end":{"line":49,"column":9}},"line":47},"4":{"name":"(anonymous_4)","decl":{"start":{"line":52,"column":22},"end":{"line":52,"column":23}},"loc":{"start":{"line":53,"column":2},"end":{"line":56,"column":9}},"line":53},"5":{"name":"(anonymous_5)","decl":{"start":{"line":54,"column":42},"end":{"line":54,"column":43}},"loc":{"start":{"line":54,"column":48},"end":{"line":54,"column":70}},"line":54},"6":{"name":"(anonymous_6)","decl":{"start":{"line":55,"column":47},"end":{"line":55,"column":48}},"loc":{"start":{"line":55,"column":53},"end":{"line":55,"column":75}},"line":55},"7":{"name":"(anonymous_7)","decl":{"start":{"line":59,"column":22},"end":{"line":59,"column":23}},"loc":{"start":{"line":60,"column":2},"end":{"line":62,"column":21}},"line":60},"8":{"name":"(anonymous_8)","decl":{"start":{"line":65,"column":24},"end":{"line":65,"column":25}},"loc":{"start":{"line":66,"column":2},"end":{"line":68,"column":21}},"line":66}},"branchMap":{},"s":{"0":0,"1":0,"2":0,"3":0,"4":0,"5":0,"6":0,"7":0,"8":0,"9":0,"10":0,"11":0,"12":0,"13":0,"14":0,"15":0},"f":{"0":0,"1":0,"2":0,"3":0,"4":0,"5":0,"6":0,"7":0,"8":0},"b":{}}
,"/Users/naosuzuki/dev/PokemonCardManagement/pokemon-card-app/apps/frontend/app/(tabs)/_layout.tsx": {"path":"/Users/naosuzuki/dev/PokemonCardManagement/pokemon-card-app/apps/frontend/app/(tabs)/_layout.tsx","statementMap":{"0":{"start":{"line":10,"column":22},"end":{"line":10,"column":38}},"1":{"start":{"line":11,"column":17},"end":{"line":11,"column":39}},"2":{"start":{"line":13,"column":2},"end":{"line":43,"column":4}},"3":{"start":{"line":34,"column":12},"end":{"line":38,"column":14}}},"fnMap":{"0":{"name":"TabLayout","decl":{"start":{"line":9,"column":24},"end":{"line":9,"column":33}},"loc":{"start":{"line":9,"column":36},"end":{"line":44,"column":1}},"line":9},"1":{"name":"(anonymous_1)","decl":{"start":{"line":33,"column":22},"end":{"line":33,"column":23}},"loc":{"start":{"line":34,"column":12},"end":{"line":38,"column":14}},"line":34}},"branchMap":{"0":{"loc":{"start":{"line":16,"column":31},"end":{"line":16,"column":98}},"type":"cond-expr","locations":[{"start":{"line":16,"column":40},"end":{"line":16,"column":67}},{"start":{"line":16,"column":70},"end":{"line":16,"column":98}}],"line":16},"1":{"loc":{"start":{"line":17,"column":33},"end":{"line":17,"column":96}},"type":"cond-expr","locations":[{"start":{"line":17,"column":42},"end":{"line":17,"column":67}},{"start":{"line":17,"column":70},"end":{"line":17,"column":96}}],"line":17},"2":{"loc":{"start":{"line":19,"column":29},"end":{"line":19,"column":96}},"type":"cond-expr","locations":[{"start":{"line":19,"column":38},"end":{"line":19,"column":65}},{"start":{"line":19,"column":68},"end":{"line":19,"column":96}}],"line":19},"3":{"loc":{"start":{"line":20,"column":28},"end":{"line":20,"column":93}},"type":"cond-expr","locations":[{"start":{"line":20,"column":37},"end":{"line":20,"column":63}},{"start":{"line":20,"column":66},"end":{"line":20,"column":93}}],"line":20},"4":{"loc":{"start":{"line":36,"column":20},"end":{"line":36,"column":53}},"type":"cond-expr","locations":[{"start":{"line":36,"column":30},"end":{"line":36,"column":36}},{"start":{"line":36,"column":39},"end":{"line":36,"column":53}}],"line":36}},"s":{"0":0,"1":0,"2":0,"3":0},"f":{"0":0,"1":0},"b":{"0":[0,0],"1":[0,0],"2":[0,0],"3":[0,0],"4":[0,0]}}
,"/Users/naosuzuki/dev/PokemonCardManagement/pokemon-card-app/apps/frontend/app/(tabs)/home.tsx": {"path":"/Users/naosuzuki/dev/PokemonCardManagement/pokemon-card-app/apps/frontend/app/(tabs)/home.tsx","statementMap":{"0":{"start":{"line":7,"column":2},"end":{"line":45,"column":4}},"1":{"start":{"line":48,"column":15},"end":{"line":125,"column":2}}},"fnMap":{"0":{"name":"HomeScreen","decl":{"start":{"line":6,"column":24},"end":{"line":6,"column":34}},"loc":{"start":{"line":6,"column":37},"end":{"line":46,"column":1}},"line":6}},"branchMap":{},"s":{"0":0,"1":0},"f":{"0":0},"b":{}}
,"/Users/naosuzuki/dev/PokemonCardManagement/pokemon-card-app/apps/frontend/src/api/auth.ts": {"path":"/Users/naosuzuki/dev/PokemonCardManagement/pokemon-card-app/apps/frontend/src/api/auth.ts","statementMap":{"0":{"start":{"line":4,"column":17},"end":{"line":4,"column":43}},"1":{"start":{"line":29,"column":22},"end":{"line":45,"column":1}},"2":{"start":{"line":30,"column":2},"end":{"line":44,"column":3}},"3":{"start":{"line":31,"column":21},"end":{"line":35,"column":6}},"4":{"start":{"line":37,"column":4},"end":{"line":37,"column":25}},"5":{"start":{"line":39,"column":4},"end":{"line":42,"column":5}},"6":{"start":{"line":40,"column":24},"end":{"line":40,"column":56}},"7":{"start":{"line":41,"column":6},"end":{"line":41,"column":59}},"8":{"start":{"line":43,"column":4},"end":{"line":43,"column":40}},"9":{"start":{"line":50,"column":26},"end":{"line":67,"column":1}},"10":{"start":{"line":51,"column":2},"end":{"line":66,"column":3}},"11":{"start":{"line":52,"column":21},"end":{"line":57,"column":6}},"12":{"start":{"line":59,"column":4},"end":{"line":59,"column":25}},"13":{"start":{"line":61,"column":4},"end":{"line":64,"column":5}},"14":{"start":{"line":62,"column":24},"end":{"line":62,"column":56}},"15":{"start":{"line":63,"column":6},"end":{"line":63,"column":62}},"16":{"start":{"line":65,"column":4},"end":{"line":65,"column":40}}},"fnMap":{"0":{"name":"(anonymous_0)","decl":{"start":{"line":29,"column":22},"end":{"line":29,"column":23}},"loc":{"start":{"line":29,"column":85},"end":{"line":45,"column":1}},"line":29},"1":{"name":"(anonymous_1)","decl":{"start":{"line":50,"column":26},"end":{"line":50,"column":27}},"loc":{"start":{"line":50,"column":51},"end":{"line":67,"column":1}},"line":50}},"branchMap":{"0":{"loc":{"start":{"line":39,"column":4},"end":{"line":42,"column":5}},"type":"if","locations":[{"start":{"line":39,"column":4},"end":{"line":42,"column":5}},{"start":{},"end":{}}],"line":39},"1":{"loc":{"start":{"line":39,"column":8},"end":{"line":39,"column":51}},"type":"binary-expr","locations":[{"start":{"line":39,"column":8},"end":{"line":39,"column":33}},{"start":{"line":39,"column":37},"end":{"line":39,"column":51}}],"line":39},"2":{"loc":{"start":{"line":41,"column":22},"end":{"line":41,"column":57}},"type":"binary-expr","locations":[{"start":{"line":41,"column":22},"end":{"line":41,"column":39}},{"start":{"line":41,"column":43},"end":{"line":41,"column":57}}],"line":41},"3":{"loc":{"start":{"line":61,"column":4},"end":{"line":64,"column":5}},"type":"if","locations":[{"start":{"line":61,"column":4},"end":{"line":64,"column":5}},{"start":{},"end":{}}],"line":61},"4":{"loc":{"start":{"line":61,"column":8},"end":{"line":61,"column":51}},"type":"binary-expr","locations":[{"start":{"line":61,"column":8},"end":{"line":61,"column":33}},{"start":{"line":61,"column":37},"end":{"line":61,"column":51}}],"line":61},"5":{"loc":{"start":{"line":63,"column":22},"end":{"line":63,"column":60}},"type":"binary-expr","locations":[{"start":{"line":63,"column":22},"end":{"line":63,"column":39}},{"start":{"line":63,"column":43},"end":{"line":63,"column":60}}],"line":63}},"s":{"0":0,"1":0,"2":0,"3":0,"4":0,"5":0,"6":0,"7":0,"8":0,"9":0,"10":0,"11":0,"12":0,"13":0,"14":0,"15":0,"16":0},"f":{"0":0,"1":0},"b":{"0":[0,0],"1":[0,0],"2":[0,0],"3":[0,0],"4":[0,0],"5":[0,0]}}
,"/Users/naosuzuki/dev/PokemonCardManagement/pokemon-card-app/apps/frontend/src/api/items.ts": {"path":"/Users/naosuzuki/dev/PokemonCardManagement/pokemon-card-app/apps/frontend/src/api/items.ts","statementMap":{"0":{"start":{"line":6,"column":12},"end":{"line":10,"column":4}},"1":{"start":{"line":12,"column":26},"end":{"line":15,"column":1}},"2":{"start":{"line":13,"column":19},"end":{"line":13,"column":50}},"3":{"start":{"line":14,"column":2},"end":{"line":14,"column":13}},"4":{"start":{"line":17,"column":25},"end":{"line":20,"column":1}},"5":{"start":{"line":18,"column":19},"end":{"line":18,"column":54}},"6":{"start":{"line":19,"column":2},"end":{"line":19,"column":13}},"7":{"start":{"line":22,"column":26},"end":{"line":25,"column":1}},"8":{"start":{"line":23,"column":19},"end":{"line":23,"column":55}},"9":{"start":{"line":24,"column":2},"end":{"line":24,"column":13}},"10":{"start":{"line":27,"column":26},"end":{"line":33,"column":1}},"11":{"start":{"line":31,"column":19},"end":{"line":31,"column":63}},"12":{"start":{"line":32,"column":2},"end":{"line":32,"column":13}},"13":{"start":{"line":35,"column":26},"end":{"line":37,"column":1}},"14":{"start":{"line":36,"column":2},"end":{"line":36,"column":34}}},"fnMap":{"0":{"name":"(anonymous_0)","decl":{"start":{"line":12,"column":26},"end":{"line":12,"column":27}},"loc":{"start":{"line":12,"column":55},"end":{"line":15,"column":1}},"line":12},"1":{"name":"(anonymous_1)","decl":{"start":{"line":17,"column":25},"end":{"line":17,"column":26}},"loc":{"start":{"line":17,"column":62},"end":{"line":20,"column":1}},"line":17},"2":{"name":"(anonymous_2)","decl":{"start":{"line":22,"column":26},"end":{"line":22,"column":27}},"loc":{"start":{"line":22,"column":75},"end":{"line":25,"column":1}},"line":22},"3":{"name":"(anonymous_3)","decl":{"start":{"line":27,"column":26},"end":{"line":27,"column":27}},"loc":{"start":{"line":30,"column":20},"end":{"line":33,"column":1}},"line":30},"4":{"name":"(anonymous_4)","decl":{"start":{"line":35,"column":26},"end":{"line":35,"column":27}},"loc":{"start":{"line":35,"column":63},"end":{"line":37,"column":1}},"line":35}},"branchMap":{"0":{"loc":{"start":{"line":7,"column":13},"end":{"line":7,"column":64}},"type":"binary-expr","locations":[{"start":{"line":7,"column":13},"end":{"line":7,"column":37}},{"start":{"line":7,"column":41},"end":{"line":7,"column":64}}],"line":7}},"s":{"0":0,"1":0,"2":0,"3":0,"4":0,"5":0,"6":0,"7":0,"8":0,"9":0,"10":0,"11":0,"12":0,"13":0,"14":0},"f":{"0":0,"1":0,"2":0,"3":0,"4":0},"b":{"0":[0,0]}}
,"/Users/naosuzuki/dev/PokemonCardManagement/pokemon-card-app/apps/frontend/src/components/PokemonCard.tsx": {"path":"/Users/naosuzuki/dev/PokemonCardManagement/pokemon-card-app/apps/frontend/src/components/PokemonCard.tsx","statementMap":{"0":{"start":{"line":36,"column":22},"end":{"line":36,"column":38}},"1":{"start":{"line":37,"column":17},"end":{"line":37,"column":39}},"2":{"start":{"line":39,"column":20},"end":{"line":39,"column":39}},"3":{"start":{"line":40,"column":21},"end":{"line":48,"column":3}},"4":{"start":{"line":50,"column":21},"end":{"line":56,"column":3}},"5":{"start":{"line":58,"column":22},"end":{"line":102,"column":3}},"6":{"start":{"line":59,"column":4},"end":{"line":101,"column":11}},"7":{"start":{"line":104,"column":2},"end":{"line":114,"column":3}},"8":{"start":{"line":105,"column":4},"end":{"line":113,"column":6}},"9":{"start":{"line":116,"column":2},"end":{"line":120,"column":4}},"10":{"start":{"line":123,"column":15},"end":{"line":200,"column":2}}},"fnMap":{"0":{"name":"PokemonCard","decl":{"start":{"line":26,"column":16},"end":{"line":26,"column":27}},"loc":{"start":{"line":35,"column":21},"end":{"line":121,"column":1}},"line":35},"1":{"name":"(anonymous_1)","decl":{"start":{"line":58,"column":22},"end":{"line":58,"column":23}},"loc":{"start":{"line":59,"column":4},"end":{"line":101,"column":11}},"line":59}},"branchMap":{"0":{"loc":{"start":{"line":34,"column":2},"end":{"line":34,"column":17}},"type":"default-arg","locations":[{"start":{"line":34,"column":12},"end":{"line":34,"column":17}}],"line":34},"1":{"loc":{"start":{"line":42,"column":4},"end":{"line":42,"column":54}},"type":"cond-expr","locations":[{"start":{"line":42,"column":14},"end":{"line":42,"column":32}},{"start":{"line":42,"column":35},"end":{"line":42,"column":54}}],"line":42},"2":{"loc":{"start":{"line":44,"column":23},"end":{"line":44,"column":84}},"type":"cond-expr","locations":[{"start":{"line":44,"column":32},"end":{"line":44,"column":56}},{"start":{"line":44,"column":59},"end":{"line":44,"column":84}}],"line":44},"3":{"loc":{"start":{"line":45,"column":19},"end":{"line":45,"column":84}},"type":"cond-expr","locations":[{"start":{"line":45,"column":28},"end":{"line":45,"column":54}},{"start":{"line":45,"column":57},"end":{"line":45,"column":84}}],"line":45},"4":{"loc":{"start":{"line":64,"column":12},"end":{"line":64,"column":54}},"type":"cond-expr","locations":[{"start":{"line":64,"column":22},"end":{"line":64,"column":40}},{"start":{"line":64,"column":43},"end":{"line":64,"column":54}}],"line":64},"5":{"loc":{"start":{"line":65,"column":21},"end":{"line":65,"column":82}},"type":"cond-expr","locations":[{"start":{"line":65,"column":30},"end":{"line":65,"column":54}},{"start":{"line":65,"column":57},"end":{"line":65,"column":82}}],"line":65},"6":{"loc":{"start":{"line":79,"column":7},"end":{"line":97,"column":7}},"type":"binary-expr","locations":[{"start":{"line":79,"column":7},"end":{"line":79,"column":15}},{"start":{"line":80,"column":8},"end":{"line":96,"column":15}}],"line":79},"7":{"loc":{"start":{"line":81,"column":11},"end":{"line":85,"column":11}},"type":"binary-expr","locations":[{"start":{"line":81,"column":11},"end":{"line":81,"column":17}},{"start":{"line":82,"column":12},"end":{"line":84,"column":19}}],"line":81},"8":{"loc":{"start":{"line":82,"column":54},"end":{"line":82,"column":119}},"type":"cond-expr","locations":[{"start":{"line":82,"column":63},"end":{"line":82,"column":89}},{"start":{"line":82,"column":92},"end":{"line":82,"column":119}}],"line":82},"9":{"loc":{"start":{"line":86,"column":11},"end":{"line":90,"column":11}},"type":"binary-expr","locations":[{"start":{"line":86,"column":11},"end":{"line":86,"column":18}},{"start":{"line":87,"column":12},"end":{"line":89,"column":19}}],"line":86},"10":{"loc":{"start":{"line":87,"column":54},"end":{"line":87,"column":117}},"type":"cond-expr","locations":[{"start":{"line":87,"column":63},"end":{"line":87,"column":88}},{"start":{"line":87,"column":91},"end":{"line":87,"column":117}}],"line":87},"11":{"loc":{"start":{"line":91,"column":11},"end":{"line":95,"column":11}},"type":"binary-expr","locations":[{"start":{"line":91,"column":11},"end":{"line":91,"column":21}},{"start":{"line":92,"column":12},"end":{"line":94,"column":19}}],"line":91},"12":{"loc":{"start":{"line":92,"column":54},"end":{"line":92,"column":117}},"type":"cond-expr","locations":[{"start":{"line":92,"column":63},"end":{"line":92,"column":88}},{"start":{"line":92,"column":91},"end":{"line":92,"column":117}}],"line":92},"13":{"loc":{"start":{"line":104,"column":2},"end":{"line":114,"column":3}},"type":"if","locations":[{"start":{"line":104,"column":2},"end":{"line":114,"column":3}},{"start":{},"end":{}}],"line":104}},"s":{"0":0,"1":0,"2":0,"3":0,"4":0,"5":0,"6":0,"7":0,"8":0,"9":0,"10":0},"f":{"0":0,"1":0},"b":{"0":[0],"1":[0,0],"2":[0,0],"3":[0,0],"4":[0,0],"5":[0,0],"6":[0,0],"7":[0,0],"8":[0,0],"9":[0,0],"10":[0,0],"11":[0,0],"12":[0,0],"13":[0,0]}}
,"/Users/naosuzuki/dev/PokemonCardManagement/pokemon-card-app/apps/frontend/src/components/ThemedButton.tsx": {"path":"/Users/naosuzuki/dev/PokemonCardManagement/pokemon-card-app/apps/frontend/src/components/ThemedButton.tsx","statementMap":{"0":{"start":{"line":40,"column":22},"end":{"line":40,"column":38}},"1":{"start":{"line":41,"column":17},"end":{"line":41,"column":39}},"2":{"start":{"line":43,"column":23},"end":{"line":49,"column":3}},"3":{"start":{"line":51,"column":21},"end":{"line":57,"column":3}},"4":{"start":{"line":59,"column":22},"end":{"line":63,"column":3}},"5":{"start":{"line":60,"column":4},"end":{"line":62,"column":5}},"6":{"start":{"line":61,"column":6},"end":{"line":61,"column":16}},"7":{"start":{"line":65,"column":2},"end":{"line":84,"column":4}},"8":{"start":{"line":87,"column":15},"end":{"line":202,"column":2}}},"fnMap":{"0":{"name":"ThemedButton","decl":{"start":{"line":29,"column":16},"end":{"line":29,"column":28}},"loc":{"start":{"line":39,"column":22},"end":{"line":85,"column":1}},"line":39},"1":{"name":"(anonymous_1)","decl":{"start":{"line":59,"column":22},"end":{"line":59,"column":23}},"loc":{"start":{"line":59,"column":28},"end":{"line":63,"column":3}},"line":59}},"branchMap":{"0":{"loc":{"start":{"line":32,"column":2},"end":{"line":32,"column":21}},"type":"default-arg","locations":[{"start":{"line":32,"column":12},"end":{"line":32,"column":21}}],"line":32},"1":{"loc":{"start":{"line":33,"column":2},"end":{"line":33,"column":13}},"type":"default-arg","locations":[{"start":{"line":33,"column":9},"end":{"line":33,"column":13}}],"line":33},"2":{"loc":{"start":{"line":34,"column":2},"end":{"line":34,"column":18}},"type":"default-arg","locations":[{"start":{"line":34,"column":13},"end":{"line":34,"column":18}}],"line":34},"3":{"loc":{"start":{"line":35,"column":2},"end":{"line":35,"column":17}},"type":"default-arg","locations":[{"start":{"line":35,"column":12},"end":{"line":35,"column":17}}],"line":35},"4":{"loc":{"start":{"line":46,"column":33},"end":{"line":46,"column":58}},"type":"cond-expr","locations":[{"start":{"line":46,"column":42},"end":{"line":46,"column":48}},{"start":{"line":46,"column":51},"end":{"line":46,"column":58}}],"line":46},"5":{"loc":{"start":{"line":47,"column":4},"end":{"line":47,"column":31}},"type":"binary-expr","locations":[{"start":{"line":47,"column":4},"end":{"line":47,"column":12}},{"start":{"line":47,"column":16},"end":{"line":47,"column":31}}],"line":47},"6":{"loc":{"start":{"line":54,"column":30},"end":{"line":54,"column":55}},"type":"cond-expr","locations":[{"start":{"line":54,"column":39},"end":{"line":54,"column":45}},{"start":{"line":54,"column":48},"end":{"line":54,"column":55}}],"line":54},"7":{"loc":{"start":{"line":55,"column":4},"end":{"line":55,"column":35}},"type":"binary-expr","locations":[{"start":{"line":55,"column":4},"end":{"line":55,"column":12}},{"start":{"line":55,"column":16},"end":{"line":55,"column":35}}],"line":55},"8":{"loc":{"start":{"line":60,"column":4},"end":{"line":62,"column":5}},"type":"if","locations":[{"start":{"line":60,"column":4},"end":{"line":62,"column":5}},{"start":{},"end":{}}],"line":60},"9":{"loc":{"start":{"line":60,"column":8},"end":{"line":60,"column":29}},"type":"binary-expr","locations":[{"start":{"line":60,"column":8},"end":{"line":60,"column":17}},{"start":{"line":60,"column":21},"end":{"line":60,"column":29}}],"line":60},"10":{"loc":{"start":{"line":70,"column":16},"end":{"line":70,"column":35}},"type":"binary-expr","locations":[{"start":{"line":70,"column":16},"end":{"line":70,"column":24}},{"start":{"line":70,"column":28},"end":{"line":70,"column":35}}],"line":70},"11":{"loc":{"start":{"line":73,"column":7},"end":{"line":82,"column":7}},"type":"cond-expr","locations":[{"start":{"line":74,"column":8},"end":{"line":79,"column":10}},{"start":{"line":81,"column":8},"end":{"line":81,"column":47}}],"line":73},"12":{"loc":{"start":{"line":75,"column":17},"end":{"line":77,"column":83}},"type":"cond-expr","locations":[{"start":{"line":76,"column":15},"end":{"line":76,"column":88}},{"start":{"line":77,"column":15},"end":{"line":77,"column":82}}],"line":75},"13":{"loc":{"start":{"line":75,"column":17},"end":{"line":75,"column":62}},"type":"binary-expr","locations":[{"start":{"line":75,"column":17},"end":{"line":75,"column":38}},{"start":{"line":75,"column":42},"end":{"line":75,"column":62}}],"line":75},"14":{"loc":{"start":{"line":76,"column":15},"end":{"line":76,"column":88}},"type":"cond-expr","locations":[{"start":{"line":76,"column":24},"end":{"line":76,"column":54}},{"start":{"line":76,"column":57},"end":{"line":76,"column":88}}],"line":76},"15":{"loc":{"start":{"line":77,"column":15},"end":{"line":77,"column":82}},"type":"cond-expr","locations":[{"start":{"line":77,"column":24},"end":{"line":77,"column":51}},{"start":{"line":77,"column":54},"end":{"line":77,"column":82}}],"line":77}},"s":{"0":0,"1":0,"2":0,"3":0,"4":0,"5":0,"6":0,"7":0,"8":0},"f":{"0":0,"1":0},"b":{"0":[0],"1":[0],"2":[0],"3":[0],"4":[0,0],"5":[0,0],"6":[0,0],"7":[0,0],"8":[0,0],"9":[0,0],"10":[0,0],"11":[0,0],"12":[0,0],"13":[0,0],"14":[0,0],"15":[0,0]}}
,"/Users/naosuzuki/dev/PokemonCardManagement/pokemon-card-app/apps/frontend/src/components/ThemedText.tsx": {"path":"/Users/naosuzuki/dev/PokemonCardManagement/pokemon-card-app/apps/frontend/src/components/ThemedText.tsx","statementMap":{"0":{"start":{"line":21,"column":22},"end":{"line":21,"column":38}},"1":{"start":{"line":22,"column":17},"end":{"line":22,"column":39}},"2":{"start":{"line":25,"column":16},"end":{"line":27,"column":49}},"3":{"start":{"line":29,"column":2},"end":{"line":38,"column":4}},"4":{"start":{"line":41,"column":15},"end":{"line":75,"column":2}}},"fnMap":{"0":{"name":"ThemedText","decl":{"start":{"line":13,"column":16},"end":{"line":13,"column":26}},"loc":{"start":{"line":20,"column":20},"end":{"line":39,"column":1}},"line":20}},"branchMap":{"0":{"loc":{"start":{"line":17,"column":2},"end":{"line":17,"column":15}},"type":"default-arg","locations":[{"start":{"line":17,"column":9},"end":{"line":17,"column":15}}],"line":17},"1":{"loc":{"start":{"line":18,"column":2},"end":{"line":18,"column":22}},"type":"default-arg","locations":[{"start":{"line":18,"column":13},"end":{"line":18,"column":22}}],"line":18},"2":{"loc":{"start":{"line":25,"column":16},"end":{"line":27,"column":49}},"type":"cond-expr","locations":[{"start":{"line":26,"column":7},"end":{"line":26,"column":46}},{"start":{"line":27,"column":7},"end":{"line":27,"column":48}}],"line":25},"3":{"loc":{"start":{"line":26,"column":7},"end":{"line":26,"column":46}},"type":"binary-expr","locations":[{"start":{"line":26,"column":7},"end":{"line":26,"column":16}},{"start":{"line":26,"column":20},"end":{"line":26,"column":46}}],"line":26},"4":{"loc":{"start":{"line":27,"column":7},"end":{"line":27,"column":48}},"type":"binary-expr","locations":[{"start":{"line":27,"column":7},"end":{"line":27,"column":17}},{"start":{"line":27,"column":21},"end":{"line":27,"column":48}}],"line":27}},"s":{"0":0,"1":0,"2":0,"3":0,"4":0},"f":{"0":0},"b":{"0":[0],"1":[0],"2":[0,0],"3":[0,0],"4":[0,0]}}
,"/Users/naosuzuki/dev/PokemonCardManagement/pokemon-card-app/apps/frontend/src/components/ThemedView.tsx": {"path":"/Users/naosuzuki/dev/PokemonCardManagement/pokemon-card-app/apps/frontend/src/components/ThemedView.tsx","statementMap":{"0":{"start":{"line":23,"column":22},"end":{"line":23,"column":38}},"1":{"start":{"line":24,"column":17},"end":{"line":24,"column":39}},"2":{"start":{"line":28,"column":29},"end":{"line":44,"column":3}},"3":{"start":{"line":29,"column":4},"end":{"line":43,"column":5}},"4":{"start":{"line":30,"column":6},"end":{"line":30,"column":38}},"5":{"start":{"line":30,"column":21},"end":{"line":30,"column":38}},"6":{"start":{"line":32,"column":6},"end":{"line":34,"column":7}},"7":{"start":{"line":33,"column":8},"end":{"line":33,"column":44}},"8":{"start":{"line":35,"column":6},"end":{"line":35,"column":79}},"9":{"start":{"line":37,"column":6},"end":{"line":37,"column":40}},"10":{"start":{"line":37,"column":22},"end":{"line":37,"column":40}},"11":{"start":{"line":39,"column":6},"end":{"line":41,"column":7}},"12":{"start":{"line":40,"column":8},"end":{"line":40,"column":77}},"13":{"start":{"line":42,"column":6},"end":{"line":42,"column":81}},"14":{"start":{"line":46,"column":26},"end":{"line":46,"column":46}},"15":{"start":{"line":48,"column":2},"end":{"line":55,"column":4}}},"fnMap":{"0":{"name":"ThemedView","decl":{"start":{"line":15,"column":16},"end":{"line":15,"column":26}},"loc":{"start":{"line":22,"column":20},"end":{"line":56,"column":1}},"line":22},"1":{"name":"(anonymous_1)","decl":{"start":{"line":28,"column":29},"end":{"line":28,"column":30}},"loc":{"start":{"line":28,"column":35},"end":{"line":44,"column":3}},"line":28}},"branchMap":{"0":{"loc":{"start":{"line":19,"column":2},"end":{"line":19,"column":21}},"type":"default-arg","locations":[{"start":{"line":19,"column":12},"end":{"line":19,"column":21}}],"line":19},"1":{"loc":{"start":{"line":29,"column":4},"end":{"line":43,"column":5}},"type":"if","locations":[{"start":{"line":29,"column":4},"end":{"line":43,"column":5}},{"start":{"line":36,"column":11},"end":{"line":43,"column":5}}],"line":29},"2":{"loc":{"start":{"line":30,"column":6},"end":{"line":30,"column":38}},"type":"if","locations":[{"start":{"line":30,"column":6},"end":{"line":30,"column":38}},{"start":{},"end":{}}],"line":30},"3":{"loc":{"start":{"line":32,"column":6},"end":{"line":34,"column":7}},"type":"if","locations":[{"start":{"line":32,"column":6},"end":{"line":34,"column":7}},{"start":{},"end":{}}],"line":32},"4":{"loc":{"start":{"line":32,"column":10},"end":{"line":32,"column":54}},"type":"binary-expr","locations":[{"start":{"line":32,"column":10},"end":{"line":32,"column":28}},{"start":{"line":32,"column":32},"end":{"line":32,"column":54}}],"line":32},"5":{"loc":{"start":{"line":35,"column":13},"end":{"line":35,"column":78}},"type":"binary-expr","locations":[{"start":{"line":35,"column":13},"end":{"line":35,"column":44}},{"start":{"line":35,"column":48},"end":{"line":35,"column":78}}],"line":35},"6":{"loc":{"start":{"line":37,"column":6},"end":{"line":37,"column":40}},"type":"if","locations":[{"start":{"line":37,"column":6},"end":{"line":37,"column":40}},{"start":{},"end":{}}],"line":37},"7":{"loc":{"start":{"line":39,"column":6},"end":{"line":41,"column":7}},"type":"if","locations":[{"start":{"line":39,"column":6},"end":{"line":41,"column":7}},{"start":{},"end":{}}],"line":39},"8":{"loc":{"start":{"line":39,"column":10},"end":{"line":39,"column":54}},"type":"binary-expr","locations":[{"start":{"line":39,"column":10},"end":{"line":39,"column":28}},{"start":{"line":39,"column":32},"end":{"line":39,"column":54}}],"line":39},"9":{"loc":{"start":{"line":40,"column":15},"end":{"line":40,"column":76}},"type":"binary-expr","locations":[{"start":{"line":40,"column":15},"end":{"line":40,"column":44}},{"start":{"line":40,"column":48},"end":{"line":40,"column":76}}],"line":40},"10":{"loc":{"start":{"line":42,"column":13},"end":{"line":42,"column":80}},"type":"binary-expr","locations":[{"start":{"line":42,"column":13},"end":{"line":42,"column":45}},{"start":{"line":42,"column":49},"end":{"line":42,"column":80}}],"line":42}},"s":{"0":0,"1":0,"2":0,"3":0,"4":0,"5":0,"6":0,"7":0,"8":0,"9":0,"10":0,"11":0,"12":0,"13":0,"14":0,"15":0},"f":{"0":0,"1":0},"b":{"0":[0],"1":[0,0],"2":[0,0],"3":[0,0],"4":[0,0],"5":[0,0],"6":[0,0],"7":[0,0],"8":[0,0],"9":[0,0],"10":[0,0]}}
,"/Users/naosuzuki/dev/PokemonCardManagement/pokemon-card-app/apps/frontend/src/constants/colors.ts": {"path":"/Users/naosuzuki/dev/PokemonCardManagement/pokemon-card-app/apps/frontend/src/constants/colors.ts","statementMap":{"0":{"start":{"line":5,"column":22},"end":{"line":5,"column":27}},"1":{"start":{"line":8,"column":29},"end":{"line":8,"column":42}},"2":{"start":{"line":11,"column":30},"end":{"line":11,"column":38}},"3":{"start":{"line":14,"column":28},"end":{"line":50,"column":1}}},"fnMap":{},"branchMap":{},"s":{"0":0,"1":0,"2":0,"3":0},"f":{},"b":{}}
,"/Users/naosuzuki/dev/PokemonCardManagement/pokemon-card-app/apps/frontend/src/constants/design.ts": {"path":"/Users/naosuzuki/dev/PokemonCardManagement/pokemon-card-app/apps/frontend/src/constants/design.ts","statementMap":{"0":{"start":{"line":5,"column":16},"end":{"line":16,"column":10}},"1":{"start":{"line":18,"column":15},"end":{"line":29,"column":10}},"2":{"start":{"line":32,"column":29},"end":{"line":51,"column":10}},"3":{"start":{"line":54,"column":24},"end":{"line":59,"column":10}},"4":{"start":{"line":62,"column":21},"end":{"line":142,"column":10}},"5":{"start":{"line":145,"column":26},"end":{"line":225,"column":10}},"6":{"start":{"line":228,"column":23},"end":{"line":242,"column":10}},"7":{"start":{"line":245,"column":22},"end":{"line":256,"column":10}},"8":{"start":{"line":259,"column":23},"end":{"line":307,"column":10}},"9":{"start":{"line":310,"column":25},"end":{"line":338,"column":10}},"10":{"start":{"line":341,"column":25},"end":{"line":353,"column":10}},"11":{"start":{"line":356,"column":27},"end":{"line":361,"column":10}},"12":{"start":{"line":364,"column":22},"end":{"line":364,"column":27}},"13":{"start":{"line":365,"column":26},"end":{"line":365,"column":36}},"14":{"start":{"line":366,"column":23},"end":{"line":366,"column":30}},"15":{"start":{"line":367,"column":22},"end":{"line":367,"column":28}},"16":{"start":{"line":368,"column":23},"end":{"line":368,"column":30}},"17":{"start":{"line":369,"column":25},"end":{"line":369,"column":34}},"18":{"start":{"line":370,"column":25},"end":{"line":370,"column":34}}},"fnMap":{},"branchMap":{},"s":{"0":0,"1":0,"2":0,"3":0,"4":0,"5":0,"6":0,"7":0,"8":0,"9":0,"10":0,"11":0,"12":0,"13":0,"14":0,"15":0,"16":0,"17":0,"18":0},"f":{},"b":{}}
,"/Users/naosuzuki/dev/PokemonCardManagement/pokemon-card-app/apps/frontend/src/hooks/useColorScheme.ts": {"path":"/Users/naosuzuki/dev/PokemonCardManagement/pokemon-card-app/apps/frontend/src/hooks/useColorScheme.ts","statementMap":{},"fnMap":{},"branchMap":{},"s":{},"f":{},"b":{}}
,"/Users/naosuzuki/dev/PokemonCardManagement/pokemon-card-app/apps/frontend/src/hooks/useItems.ts": {"path":"/Users/naosuzuki/dev/PokemonCardManagement/pokemon-card-app/apps/frontend/src/hooks/useItems.ts","statementMap":{},"fnMap":{},"branchMap":{},"s":{},"f":{},"b":{}}
,"/Users/naosuzuki/dev/PokemonCardManagement/pokemon-card-app/apps/frontend/src/hooks/useThemeColor.ts": {"path":"/Users/naosuzuki/dev/PokemonCardManagement/pokemon-card-app/apps/frontend/src/hooks/useThemeColor.ts","statementMap":{"0":{"start":{"line":18,"column":16},"end":{"line":18,"column":43}},"1":{"start":{"line":19,"column":25},"end":{"line":19,"column":37}},"2":{"start":{"line":21,"column":2},"end":{"line":25,"column":3}},"3":{"start":{"line":22,"column":4},"end":{"line":22,"column":26}},"4":{"start":{"line":24,"column":4},"end":{"line":24,"column":86}},"5":{"start":{"line":33,"column":16},"end":{"line":33,"column":43}},"6":{"start":{"line":34,"column":25},"end":{"line":34,"column":37}},"7":{"start":{"line":36,"column":2},"end":{"line":54,"column":3}},"8":{"start":{"line":37,"column":4},"end":{"line":37,"column":26}},"9":{"start":{"line":40,"column":4},"end":{"line":53,"column":5}},"10":{"start":{"line":42,"column":8},"end":{"line":42,"column":42}},"11":{"start":{"line":44,"column":8},"end":{"line":44,"column":48}},"12":{"start":{"line":46,"column":8},"end":{"line":46,"column":45}},"13":{"start":{"line":48,"column":8},"end":{"line":48,"column":43}},"14":{"start":{"line":50,"column":8},"end":{"line":50,"column":45}},"15":{"start":{"line":52,"column":8},"end":{"line":52,"column":42}}},"fnMap":{"0":{"name":"useThemeColor","decl":{"start":{"line":13,"column":16},"end":{"line":13,"column":29}},"loc":{"start":{"line":17,"column":2},"end":{"line":26,"column":1}},"line":17},"1":{"name":"useLegacyThemeColor","decl":{"start":{"line":29,"column":16},"end":{"line":29,"column":35}},"loc":{"start":{"line":32,"column":2},"end":{"line":55,"column":1}},"line":32}},"branchMap":{"0":{"loc":{"start":{"line":18,"column":16},"end":{"line":18,"column":43}},"type":"binary-expr","locations":[{"start":{"line":18,"column":16},"end":{"line":18,"column":32}},{"start":{"line":18,"column":36},"end":{"line":18,"column":43}}],"line":18},"1":{"loc":{"start":{"line":21,"column":2},"end":{"line":25,"column":3}},"type":"if","locations":[{"start":{"line":21,"column":2},"end":{"line":25,"column":3}},{"start":{"line":23,"column":9},"end":{"line":25,"column":3}}],"line":21},"2":{"loc":{"start":{"line":33,"column":16},"end":{"line":33,"column":43}},"type":"binary-expr","locations":[{"start":{"line":33,"column":16},"end":{"line":33,"column":32}},{"start":{"line":33,"column":36},"end":{"line":33,"column":43}}],"line":33},"3":{"loc":{"start":{"line":36,"column":2},"end":{"line":54,"column":3}},"type":"if","locations":[{"start":{"line":36,"column":2},"end":{"line":54,"column":3}},{"start":{"line":38,"column":9},"end":{"line":54,"column":3}}],"line":36},"4":{"loc":{"start":{"line":40,"column":4},"end":{"line":53,"column":5}},"type":"switch","locations":[{"start":{"line":41,"column":6},"end":{"line":42,"column":42}},{"start":{"line":43,"column":6},"end":{"line":44,"column":48}},{"start":{"line":45,"column":6},"end":{"line":46,"column":45}},{"start":{"line":47,"column":6},"end":{"line":48,"column":43}},{"start":{"line":49,"column":6},"end":{"line":50,"column":45}},{"start":{"line":51,"column":6},"end":{"line":52,"column":42}}],"line":40}},"s":{"0":0,"1":0,"2":0,"3":0,"4":0,"5":0,"6":0,"7":0,"8":0,"9":0,"10":0,"11":0,"12":0,"13":0,"14":0,"15":0},"f":{"0":0,"1":0},"b":{"0":[0,0],"1":[0,0],"2":[0,0],"3":[0,0],"4":[0,0,0,0,0,0]}}
,"/Users/naosuzuki/dev/PokemonCardManagement/pokemon-card-app/apps/frontend/src/navigation/AppNavigator.tsx": {"path":"/Users/naosuzuki/dev/PokemonCardManagement/pokemon-card-app/apps/frontend/src/navigation/AppNavigator.tsx","statementMap":{},"fnMap":{},"branchMap":{},"s":{},"f":{},"b":{}}
,"/Users/naosuzuki/dev/PokemonCardManagement/pokemon-card-app/apps/frontend/src/screens/CreateItemScreen.tsx": {"path":"/Users/naosuzuki/dev/PokemonCardManagement/pokemon-card-app/apps/frontend/src/screens/CreateItemScreen.tsx","statementMap":{},"fnMap":{},"branchMap":{},"s":{},"f":{},"b":{}}
,"/Users/naosuzuki/dev/PokemonCardManagement/pokemon-card-app/apps/frontend/src/screens/ItemDetailScreen.tsx": {"path":"/Users/naosuzuki/dev/PokemonCardManagement/pokemon-card-app/apps/frontend/src/screens/ItemDetailScreen.tsx","statementMap":{},"fnMap":{},"branchMap":{},"s":{},"f":{},"b":{}}
,"/Users/naosuzuki/dev/PokemonCardManagement/pokemon-card-app/apps/frontend/src/screens/ItemListScreen.tsx": {"path":"/Users/naosuzuki/dev/PokemonCardManagement/pokemon-card-app/apps/frontend/src/screens/ItemListScreen.tsx","statementMap":{},"fnMap":{},"branchMap":{},"s":{},"f":{},"b":{}}
,"/Users/naosuzuki/dev/PokemonCardManagement/pokemon-card-app/apps/frontend/src/screens/UpdateItemScreen.tsx": {"path":"/Users/naosuzuki/dev/PokemonCardManagement/pokemon-card-app/apps/frontend/src/screens/UpdateItemScreen.tsx","statementMap":{},"fnMap":{},"branchMap":{},"s":{},"f":{},"b":{}}
,"/Users/naosuzuki/dev/PokemonCardManagement/pokemon-card-app/apps/frontend/src/types/index.ts": {"path":"/Users/naosuzuki/dev/PokemonCardManagement/pokemon-card-app/apps/frontend/src/types/index.ts","statementMap":{},"fnMap":{},"branchMap":{},"s":{},"f":{},"b":{}}
}
